Info: Starting: Create block symbol file (.bsf)
Info: ip-generate --project-directory=C:/Users/Micro/Desktop/PBL_SD-master/PBL_SD-master/ --output-directory=C:/Users/Micro/Desktop/PBL_SD-master/PBL_SD-master/Nios/ --report-file=bsf:C:/Users/Micro/Desktop/PBL_SD-master/PBL_SD-master/Nios.bsf --system-info=DEVICE_FAMILY="Cyclone IV E" --system-info=DEVICE=EP4CE6E22C8 --system-info=DEVICE_SPEEDGRADE=8 --component-file=C:/Users/Micro/Desktop/PBL_SD-master/PBL_SD-master/Nios.qsys
Progress: Loading PBL_SD-master/Nios.qsys
Progress: Reading input file
Progress: Adding Clk [clock_source 13.1]
Progress: Parameterizing module Clk
Progress: Adding memory [altera_avalon_onchip_memory2 13.1]
Progress: Parameterizing module memory
Progress: Adding Nios [altera_nios2_qsys 13.1]
Progress: Parameterizing module Nios
Progress: Adding led1 [altera_avalon_pio 13.1]
Progress: Parameterizing module led1
Progress: Adding pushbuton1 [altera_avalon_pio 13.1]
Progress: Parameterizing module pushbuton1
Progress: Adding led2 [altera_avalon_pio 13.1]
Progress: Parameterizing module led2
Progress: Adding led3 [altera_avalon_pio 13.1]
Progress: Parameterizing module led3
Progress: Adding led4 [altera_avalon_pio 13.1]
Progress: Parameterizing module led4
Progress: Adding led5 [altera_avalon_pio 13.1]
Progress: Parameterizing module led5
Progress: Adding pushbuton2 [altera_avalon_pio 13.1]
Progress: Parameterizing module pushbuton2
Progress: Adding pushbuton3 [altera_avalon_pio 13.1]
Progress: Parameterizing module pushbuton3
Progress: Adding pushbuton4 [altera_avalon_pio 13.1]
Progress: Parameterizing module pushbuton4
Progress: Adding LCD_0 [LCD 1.0]
Progress: Parameterizing module LCD_0
Progress: Adding UART_1 [altera_avalon_uart 13.1]
Progress: Parameterizing module UART_1
Progress: Adding jtag_uart_0 [altera_avalon_jtag_uart 13.1]
Progress: Parameterizing module jtag_uart_0
Progress: Building connections
Progress: Parameterizing connections
Progress: Validating
Progress: Done reading input file
Info: Nios.pushbuton1: PIO inputs are not hardwired in test bench. Undefined values will be read from PIO inputs during simulation.
Info: Nios.pushbuton2: PIO inputs are not hardwired in test bench. Undefined values will be read from PIO inputs during simulation.
Info: Nios.pushbuton3: PIO inputs are not hardwired in test bench. Undefined values will be read from PIO inputs during simulation.
Info: Nios.pushbuton4: PIO inputs are not hardwired in test bench. Undefined values will be read from PIO inputs during simulation.
Info: ip-generate succeeded.
Info: Finished: Create block symbol file (.bsf)
Info: 
Info: Starting: Create HDL design files for synthesis
Info: ip-generate --project-directory=C:/Users/Micro/Desktop/PBL_SD-master/PBL_SD-master/ --output-directory=C:/Users/Micro/Desktop/PBL_SD-master/PBL_SD-master/Nios/synthesis/ --file-set=QUARTUS_SYNTH --report-file=html:C:/Users/Micro/Desktop/PBL_SD-master/PBL_SD-master/Nios.html --report-file=sopcinfo:C:/Users/Micro/Desktop/PBL_SD-master/PBL_SD-master/Nios.sopcinfo --report-file=cmp:C:/Users/Micro/Desktop/PBL_SD-master/PBL_SD-master/Nios.cmp --report-file=qip:C:/Users/Micro/Desktop/PBL_SD-master/PBL_SD-master/Nios/synthesis/Nios.qip --report-file=svd --report-file=regmap:C:/Users/Micro/Desktop/PBL_SD-master/PBL_SD-master/Nios/synthesis/Nios.regmap --report-file=debuginfo:C:/Users/Micro/Desktop/PBL_SD-master/PBL_SD-master/Nios/synthesis/Nios.debuginfo --system-info=DEVICE_FAMILY="Cyclone IV E" --system-info=DEVICE=EP4CE6E22C8 --system-info=DEVICE_SPEEDGRADE=8 --component-file=C:/Users/Micro/Desktop/PBL_SD-master/PBL_SD-master/Nios.qsys --language=VERILOG
Progress: Loading PBL_SD-master/Nios.qsys
Progress: Reading input file
Progress: Adding Clk [clock_source 13.1]
Progress: Parameterizing module Clk
Progress: Adding memory [altera_avalon_onchip_memory2 13.1]
Progress: Parameterizing module memory
Progress: Adding Nios [altera_nios2_qsys 13.1]
Progress: Parameterizing module Nios
Progress: Adding led1 [altera_avalon_pio 13.1]
Progress: Parameterizing module led1
Progress: Adding pushbuton1 [altera_avalon_pio 13.1]
Progress: Parameterizing module pushbuton1
Progress: Adding led2 [altera_avalon_pio 13.1]
Progress: Parameterizing module led2
Progress: Adding led3 [altera_avalon_pio 13.1]
Progress: Parameterizing module led3
Progress: Adding led4 [altera_avalon_pio 13.1]
Progress: Parameterizing module led4
Progress: Adding led5 [altera_avalon_pio 13.1]
Progress: Parameterizing module led5
Progress: Adding pushbuton2 [altera_avalon_pio 13.1]
Progress: Parameterizing module pushbuton2
Progress: Adding pushbuton3 [altera_avalon_pio 13.1]
Progress: Parameterizing module pushbuton3
Progress: Adding pushbuton4 [altera_avalon_pio 13.1]
Progress: Parameterizing module pushbuton4
Progress: Adding LCD_0 [LCD 1.0]
Progress: Parameterizing module LCD_0
Progress: Adding UART_1 [altera_avalon_uart 13.1]
Progress: Parameterizing module UART_1
Progress: Adding jtag_uart_0 [altera_avalon_jtag_uart 13.1]
Progress: Parameterizing module jtag_uart_0
Progress: Building connections
Progress: Parameterizing connections
Progress: Validating
Progress: Done reading input file
Info: Nios.pushbuton1: PIO inputs are not hardwired in test bench. Undefined values will be read from PIO inputs during simulation.
Info: Nios.pushbuton2: PIO inputs are not hardwired in test bench. Undefined values will be read from PIO inputs during simulation.
Info: Nios.pushbuton3: PIO inputs are not hardwired in test bench. Undefined values will be read from PIO inputs during simulation.
Info: Nios.pushbuton4: PIO inputs are not hardwired in test bench. Undefined values will be read from PIO inputs during simulation.
Info: Nios: Generating Nios "Nios" for QUARTUS_SYNTH
Info: pipeline_bridge_swap_transform: After transform: 15 modules, 57 connections
Info: merlin_custom_instruction_transform: After transform: 18 modules, 60 connections
Info: merlin_initial_interconnect_transform: After transform: 14 modules, 53 connections
Info: merlin_translator_transform: After transform: 29 modules, 112 connections
Info: merlin_domain_transform: After transform: 58 modules, 307 connections
Info: merlin_router_transform: After transform: 73 modules, 366 connections
Info: merlin_network_to_switch_transform: After transform: 102 modules, 440 connections
Info: merlin_clock_and_reset_bridge_transform: After transform: 105 modules, 544 connections
Info: merlin_hierarchy_transform: After transform: 19 modules, 64 connections
Info: merlin_mm_transform: After transform: 19 modules, 64 connections
Info: merlin_interrupt_mapper_transform: After transform: 20 modules, 68 connections
Info: reset_adaptation_transform: After transform: 23 modules, 72 connections
Warning: Nios: "No matching role found for Nios_custom_instruction_master_translator:ci_slave:ci_slave_ipending (ipending)"
Warning: Nios: "No matching role found for Nios_custom_instruction_master_translator:ci_slave:ci_slave_estatus (estatus)"
Warning: Nios: "No matching role found for Nios_custom_instruction_master_multi_xconnect:ci_slave:ci_slave_ipending (ipending)"
Warning: Nios: "No matching role found for Nios_custom_instruction_master_multi_xconnect:ci_slave:ci_slave_estatus (estatus)"
Warning: Nios: "No matching role found for UART_1:s1:dataavailable (dataavailable)"
Warning: Nios: "No matching role found for UART_1:s1:readyfordata (readyfordata)"
Error: Generation stopped, 21 or more modules remaining
Info: Nios: Done "Nios" with 14 modules, 1 files, 77454 bytes
Error: ip-generate failed with exit code 1: 1 Error, 6 Warnings
Info: Stopping: Create HDL design files for synthesis
