Info: Starting: Create block symbol file (.bsf)
Info: ip-generate --project-directory=C:/Users/Micro/Desktop/PBL_SD-master/PBL_SD-master/ --output-directory=C:/Users/Micro/Desktop/PBL_SD-master/PBL_SD-master/Nios/ --report-file=bsf:C:/Users/Micro/Desktop/PBL_SD-master/PBL_SD-master/Nios.bsf --system-info=DEVICE_FAMILY="Cyclone IV E" --system-info=DEVICE=EP4CE6E22C8 --system-info=DEVICE_SPEEDGRADE=8 --component-file=C:/Users/Micro/Desktop/PBL_SD-master/PBL_SD-master/Nios.qsys
Progress: Loading PBL_SD-master/Nios.qsys
Progress: Reading input file
Progress: Adding Clk [clock_source 13.1]
Progress: Parameterizing module Clk
Progress: Adding memory [altera_avalon_onchip_memory2 13.1]
Progress: Parameterizing module memory
Progress: Adding Nios [altera_nios2_qsys 13.1]
Progress: Parameterizing module Nios
Progress: Adding led1 [altera_avalon_pio 13.1]
Progress: Parameterizing module led1
Progress: Adding pushbuton1 [altera_avalon_pio 13.1]
Progress: Parameterizing module pushbuton1
Progress: Adding led2 [altera_avalon_pio 13.1]
Progress: Parameterizing module led2
Progress: Adding led3 [altera_avalon_pio 13.1]
Progress: Parameterizing module led3
Progress: Adding led4 [altera_avalon_pio 13.1]
Progress: Parameterizing module led4
Progress: Adding led5 [altera_avalon_pio 13.1]
Progress: Parameterizing module led5
Progress: Adding pushbuton2 [altera_avalon_pio 13.1]
Progress: Parameterizing module pushbuton2
Progress: Adding pushbuton3 [altera_avalon_pio 13.1]
Progress: Parameterizing module pushbuton3
Progress: Adding pushbuton4 [altera_avalon_pio 13.1]
Progress: Parameterizing module pushbuton4
Progress: Adding LCD_0 [LCD 1.0]
Progress: Parameterizing module LCD_0
Progress: Adding UART_1 [altera_avalon_uart 13.1]
Progress: Parameterizing module UART_1
Progress: Adding jtag_uart_0 [altera_avalon_jtag_uart 13.1]
Progress: Parameterizing module jtag_uart_0
Progress: Building connections
Progress: Parameterizing connections
Progress: Validating
Progress: Done reading input file
Info: Nios.pushbuton1: PIO inputs are not hardwired in test bench. Undefined values will be read from PIO inputs during simulation.
Info: Nios.pushbuton2: PIO inputs are not hardwired in test bench. Undefined values will be read from PIO inputs during simulation.
Info: Nios.pushbuton3: PIO inputs are not hardwired in test bench. Undefined values will be read from PIO inputs during simulation.
Info: Nios.pushbuton4: PIO inputs are not hardwired in test bench. Undefined values will be read from PIO inputs during simulation.
Info: ip-generate succeeded.
Info: Finished: Create block symbol file (.bsf)
Info: 
Info: Starting: Create HDL design files for synthesis
Info: ip-generate --project-directory=C:/Users/Micro/Desktop/PBL_SD-master/PBL_SD-master/ --output-directory=C:/Users/Micro/Desktop/PBL_SD-master/PBL_SD-master/Nios/synthesis/ --file-set=QUARTUS_SYNTH --report-file=html:C:/Users/Micro/Desktop/PBL_SD-master/PBL_SD-master/Nios.html --report-file=sopcinfo:C:/Users/Micro/Desktop/PBL_SD-master/PBL_SD-master/Nios.sopcinfo --report-file=cmp:C:/Users/Micro/Desktop/PBL_SD-master/PBL_SD-master/Nios.cmp --report-file=qip:C:/Users/Micro/Desktop/PBL_SD-master/PBL_SD-master/Nios/synthesis/Nios.qip --report-file=svd --report-file=regmap:C:/Users/Micro/Desktop/PBL_SD-master/PBL_SD-master/Nios/synthesis/Nios.regmap --report-file=debuginfo:C:/Users/Micro/Desktop/PBL_SD-master/PBL_SD-master/Nios/synthesis/Nios.debuginfo --system-info=DEVICE_FAMILY="Cyclone IV E" --system-info=DEVICE=EP4CE6E22C8 --system-info=DEVICE_SPEEDGRADE=8 --component-file=C:/Users/Micro/Desktop/PBL_SD-master/PBL_SD-master/Nios.qsys --language=VERILOG
Progress: Loading PBL_SD-master/Nios.qsys
Progress: Reading input file
Progress: Adding Clk [clock_source 13.1]
Progress: Parameterizing module Clk
Progress: Adding memory [altera_avalon_onchip_memory2 13.1]
Progress: Parameterizing module memory
Progress: Adding Nios [altera_nios2_qsys 13.1]
Progress: Parameterizing module Nios
Progress: Adding led1 [altera_avalon_pio 13.1]
Progress: Parameterizing module led1
Progress: Adding pushbuton1 [altera_avalon_pio 13.1]
Progress: Parameterizing module pushbuton1
Progress: Adding led2 [altera_avalon_pio 13.1]
Progress: Parameterizing module led2
Progress: Adding led3 [altera_avalon_pio 13.1]
Progress: Parameterizing module led3
Progress: Adding led4 [altera_avalon_pio 13.1]
Progress: Parameterizing module led4
Progress: Adding led5 [altera_avalon_pio 13.1]
Progress: Parameterizing module led5
Progress: Adding pushbuton2 [altera_avalon_pio 13.1]
Progress: Parameterizing module pushbuton2
Progress: Adding pushbuton3 [altera_avalon_pio 13.1]
Progress: Parameterizing module pushbuton3
Progress: Adding pushbuton4 [altera_avalon_pio 13.1]
Progress: Parameterizing module pushbuton4
Progress: Adding LCD_0 [LCD 1.0]
Progress: Parameterizing module LCD_0
Progress: Adding UART_1 [altera_avalon_uart 13.1]
Progress: Parameterizing module UART_1
Progress: Adding jtag_uart_0 [altera_avalon_jtag_uart 13.1]
Progress: Parameterizing module jtag_uart_0
Progress: Building connections
Progress: Parameterizing connections
Progress: Validating
Progress: Done reading input file
Info: Nios.pushbuton1: PIO inputs are not hardwired in test bench. Undefined values will be read from PIO inputs during simulation.
Info: Nios.pushbuton2: PIO inputs are not hardwired in test bench. Undefined values will be read from PIO inputs during simulation.
Info: Nios.pushbuton3: PIO inputs are not hardwired in test bench. Undefined values will be read from PIO inputs during simulation.
Info: Nios.pushbuton4: PIO inputs are not hardwired in test bench. Undefined values will be read from PIO inputs during simulation.
Info: Nios: Generating Nios "Nios" for QUARTUS_SYNTH
Info: pipeline_bridge_swap_transform: After transform: 15 modules, 57 connections
Info: merlin_custom_instruction_transform: After transform: 18 modules, 60 connections
Info: merlin_initial_interconnect_transform: After transform: 14 modules, 53 connections
Info: merlin_translator_transform: After transform: 29 modules, 112 connections
Info: merlin_domain_transform: After transform: 58 modules, 307 connections
Info: merlin_router_transform: After transform: 73 modules, 366 connections
Info: merlin_network_to_switch_transform: After transform: 102 modules, 440 connections
Info: merlin_clock_and_reset_bridge_transform: After transform: 105 modules, 544 connections
Info: merlin_hierarchy_transform: After transform: 19 modules, 64 connections
Info: merlin_mm_transform: After transform: 19 modules, 64 connections
Info: merlin_interrupt_mapper_transform: After transform: 20 modules, 68 connections
Info: reset_adaptation_transform: After transform: 23 modules, 72 connections
Warning: Nios: "No matching role found for Nios_custom_instruction_master_translator:ci_slave:ci_slave_ipending (ipending)"
Warning: Nios: "No matching role found for Nios_custom_instruction_master_translator:ci_slave:ci_slave_estatus (estatus)"
Warning: Nios: "No matching role found for Nios_custom_instruction_master_multi_xconnect:ci_slave:ci_slave_ipending (ipending)"
Warning: Nios: "No matching role found for Nios_custom_instruction_master_multi_xconnect:ci_slave:ci_slave_estatus (estatus)"
Warning: Nios: "No matching role found for UART_1:s1:dataavailable (dataavailable)"
Warning: Nios: "No matching role found for UART_1:s1:readyfordata (readyfordata)"
Info: memory: Starting RTL generation for module 'Nios_memory'
Info: memory:   Generation command is [exec C:/altera/13.1/quartus/bin/perl/bin/perl.exe -I C:/altera/13.1/quartus/bin/perl/lib -I C:/altera/13.1/quartus/sopc_builder/bin/europa -I C:/altera/13.1/quartus/sopc_builder/bin/perl_lib -I C:/altera/13.1/quartus/sopc_builder/bin -I C:/altera/13.1/quartus/../ip/altera/sopc_builder_ip/common -I C:/altera/13.1/quartus/../ip/altera/sopc_builder_ip/altera_avalon_onchip_memory2 -- C:/altera/13.1/quartus/../ip/altera/sopc_builder_ip/altera_avalon_onchip_memory2/generate_rtl.pl --name=Nios_memory --dir=C:/Users/Micro/AppData/Local/Temp/alt7841_6069237278515000074.dir/0001_memory_gen/ --quartus_dir=C:/altera/13.1/quartus --verilog --config=C:/Users/Micro/AppData/Local/Temp/alt7841_6069237278515000074.dir/0001_memory_gen//Nios_memory_component_configuration.pl  --do_build_sim=0  ]
Info: memory: Done RTL generation for module 'Nios_memory'
Info: memory: "Nios" instantiated altera_avalon_onchip_memory2 "memory"
Info: Nios: Starting RTL generation for module 'Nios_Nios'
Info: Nios:   Generation command is [exec C:/altera/13.1/quartus/bin/eperlcmd.exe -I C:/altera/13.1/quartus/bin/perl/lib -I C:/altera/13.1/quartus/sopc_builder/bin/europa -I C:/altera/13.1/quartus/sopc_builder/bin/perl_lib -I C:/altera/13.1/quartus/sopc_builder/bin -I C:/altera/13.1/quartus/../ip/altera/nios2_ip/altera_nios2/cpu_lib -I C:/altera/13.1/quartus/../ip/altera/nios2_ip/altera_nios2/nios_lib -I C:/altera/13.1/quartus/../ip/altera/nios2_ip/altera_nios2 -I C:/altera/13.1/quartus/../ip/altera/nios2_ip/altera_nios2 -- C:/altera/13.1/quartus/../ip/altera/nios2_ip/altera_nios2/generate_rtl.epl --name=Nios_Nios --dir=C:/Users/Micro/AppData/Local/Temp/alt7841_6069237278515000074.dir/0002_Nios_gen/ --quartus_dir=C:/altera/13.1/quartus --verilog --config=C:/Users/Micro/AppData/Local/Temp/alt7841_6069237278515000074.dir/0002_Nios_gen//Nios_Nios_processor_configuration.pl  --do_build_sim=0  ]
Info: Nios: # 2018.11.06 09:32:06 (*) Starting Nios II generation
Info: Nios: # 2018.11.06 09:32:06 (*)   Checking for plaintext license.
Info: Nios: # 2018.11.06 09:32:10 (*)   Couldn't query license setup in Quartus directory C:/altera/13.1/quartus
Info: Nios: # 2018.11.06 09:32:10 (*)   Defaulting to contents of LM_LICENSE_FILE environment variable
Info: Nios: # 2018.11.06 09:32:10 (*)   LM_LICENSE_FILE environment variable is empty
Info: Nios: # 2018.11.06 09:32:10 (*)   Plaintext license not found.
Info: Nios: # 2018.11.06 09:32:10 (*)   No license required to generate encrypted Nios II/e.
Info: Nios: # 2018.11.06 09:32:10 (*)   Elaborating CPU configuration settings
Info: Nios: # 2018.11.06 09:32:10 (*)   Creating all objects for CPU
Info: Nios: # 2018.11.06 09:32:12 (*)   Generating RTL from CPU objects
Info: Nios: # 2018.11.06 09:32:12 (*)   Creating plain-text RTL
Info: Nios: # 2018.11.06 09:32:14 (*) Done Nios II generation
Info: Nios: Done RTL generation for module 'Nios_Nios'
Info: Nios: "Nios" instantiated altera_nios2_qsys "Nios"
Info: led1: Starting RTL generation for module 'Nios_led1'
Info: led1:   Generation command is [exec C:/altera/13.1/quartus/bin/perl/bin/perl.exe -I C:/altera/13.1/quartus/bin/perl/lib -I C:/altera/13.1/quartus/sopc_builder/bin/europa -I C:/altera/13.1/quartus/sopc_builder/bin/perl_lib -I C:/altera/13.1/quartus/sopc_builder/bin -I C:/altera/13.1/quartus/../ip/altera/sopc_builder_ip/common -I C:/altera/13.1/quartus/../ip/altera/sopc_builder_ip/altera_avalon_pio -- C:/altera/13.1/quartus/../ip/altera/sopc_builder_ip/altera_avalon_pio/generate_rtl.pl --name=Nios_led1 --dir=C:/Users/Micro/AppData/Local/Temp/alt7841_6069237278515000074.dir/0003_led1_gen/ --quartus_dir=C:/altera/13.1/quartus --verilog --config=C:/Users/Micro/AppData/Local/Temp/alt7841_6069237278515000074.dir/0003_led1_gen//Nios_led1_component_configuration.pl  --do_build_sim=0  ]
Info: led1: Done RTL generation for module 'Nios_led1'
Info: led1: "Nios" instantiated altera_avalon_pio "led1"
Info: pushbuton1: Starting RTL generation for module 'Nios_pushbuton1'
Info: pushbuton1:   Generation command is [exec C:/altera/13.1/quartus/bin/perl/bin/perl.exe -I C:/altera/13.1/quartus/bin/perl/lib -I C:/altera/13.1/quartus/sopc_builder/bin/europa -I C:/altera/13.1/quartus/sopc_builder/bin/perl_lib -I C:/altera/13.1/quartus/sopc_builder/bin -I C:/altera/13.1/quartus/../ip/altera/sopc_builder_ip/common -I C:/altera/13.1/quartus/../ip/altera/sopc_builder_ip/altera_avalon_pio -- C:/altera/13.1/quartus/../ip/altera/sopc_builder_ip/altera_avalon_pio/generate_rtl.pl --name=Nios_pushbuton1 --dir=C:/Users/Micro/AppData/Local/Temp/alt7841_6069237278515000074.dir/0004_pushbuton1_gen/ --quartus_dir=C:/altera/13.1/quartus --verilog --config=C:/Users/Micro/AppData/Local/Temp/alt7841_6069237278515000074.dir/0004_pushbuton1_gen//Nios_pushbuton1_component_configuration.pl  --do_build_sim=0  ]
Info: pushbuton1: Done RTL generation for module 'Nios_pushbuton1'
Info: pushbuton1: "Nios" instantiated altera_avalon_pio "pushbuton1"
Info: LCD_0: "Nios" instantiated LCD "LCD_0"
Info: UART_1: Starting RTL generation for module 'Nios_UART_1'
Info: UART_1:   Generation command is [exec C:/altera/13.1/quartus/bin/perl/bin/perl.exe -I C:/altera/13.1/quartus/bin/perl/lib -I C:/altera/13.1/quartus/sopc_builder/bin/europa -I C:/altera/13.1/quartus/sopc_builder/bin/perl_lib -I C:/altera/13.1/quartus/sopc_builder/bin -I C:/altera/13.1/quartus/../ip/altera/sopc_builder_ip/common -I C:/altera/13.1/quartus/../ip/altera/sopc_builder_ip/altera_avalon_uart -- C:/altera/13.1/quartus/../ip/altera/sopc_builder_ip/altera_avalon_uart/generate_rtl.pl --name=Nios_UART_1 --dir=C:/Users/Micro/AppData/Local/Temp/alt7841_6069237278515000074.dir/0006_UART_1_gen/ --quartus_dir=C:/altera/13.1/quartus --verilog --config=C:/Users/Micro/AppData/Local/Temp/alt7841_6069237278515000074.dir/0006_UART_1_gen//Nios_UART_1_component_configuration.pl  --do_build_sim=0  ]
Info: UART_1: Done RTL generation for module 'Nios_UART_1'
Info: UART_1: "Nios" instantiated altera_avalon_uart "UART_1"
Info: jtag_uart_0: Starting RTL generation for module 'Nios_jtag_uart_0'
Info: jtag_uart_0:   Generation command is [exec C:/altera/13.1/quartus/bin/perl/bin/perl.exe -I C:/altera/13.1/quartus/bin/perl/lib -I C:/altera/13.1/quartus/sopc_builder/bin/europa -I C:/altera/13.1/quartus/sopc_builder/bin/perl_lib -I C:/altera/13.1/quartus/sopc_builder/bin -I C:/altera/13.1/quartus/../ip/altera/sopc_builder_ip/common -I C:/altera/13.1/quartus/../ip/altera/sopc_builder_ip/altera_avalon_jtag_uart -- C:/altera/13.1/quartus/../ip/altera/sopc_builder_ip/altera_avalon_jtag_uart/generate_rtl.pl --name=Nios_jtag_uart_0 --dir=C:/Users/Micro/AppData/Local/Temp/alt7841_6069237278515000074.dir/0007_jtag_uart_0_gen/ --quartus_dir=C:/altera/13.1/quartus --verilog --config=C:/Users/Micro/AppData/Local/Temp/alt7841_6069237278515000074.dir/0007_jtag_uart_0_gen//Nios_jtag_uart_0_component_configuration.pl  --do_build_sim=0  ]
Info: jtag_uart_0: Done RTL generation for module 'Nios_jtag_uart_0'
Info: jtag_uart_0: "Nios" instantiated altera_avalon_jtag_uart "jtag_uart_0"
Info: Nios_custom_instruction_master_translator: "Nios" instantiated altera_customins_master_translator "Nios_custom_instruction_master_translator"
Info: Nios_custom_instruction_master_multi_xconnect: "Nios" instantiated altera_customins_xconnect "Nios_custom_instruction_master_multi_xconnect"
Info: Nios_custom_instruction_master_multi_slave_translator0: "Nios" instantiated altera_customins_slave_translator "Nios_custom_instruction_master_multi_slave_translator0"
Info: pipeline_bridge_swap_transform: After transform: 91 modules, 307 connections
Info: No custom instruction connections, skipping transform 
Info: merlin_initial_interconnect_transform: After transform: 0 modules, 0 connections
Info: No Avalon connections, skipping transform 
Info: merlin_hierarchy_transform: After transform: 91 modules, 307 connections
Info: merlin_initial_interconnect_transform: After transform: 0 modules, 0 connections
Info: No Avalon connections, skipping transform 
Info: merlin_hierarchy_transform: After transform: 91 modules, 307 connections
Info: merlin_initial_interconnect_transform: After transform: 0 modules, 0 connections
Info: No Avalon connections, skipping transform 
Info: merlin_hierarchy_transform: After transform: 91 modules, 307 connections
Info: merlin_initial_interconnect_transform: After transform: 0 modules, 0 connections
Info: No Avalon connections, skipping transform 
Info: merlin_hierarchy_transform: After transform: 91 modules, 307 connections
Info: merlin_initial_interconnect_transform: After transform: 0 modules, 0 connections
Info: No Avalon connections, skipping transform 
Info: merlin_hierarchy_transform: After transform: 91 modules, 307 connections
Info: merlin_initial_interconnect_transform: After transform: 0 modules, 0 connections
Info: No Avalon connections, skipping transform 
Info: merlin_hierarchy_transform: After transform: 91 modules, 307 connections
Info: merlin_initial_interconnect_transform: After transform: 0 modules, 0 connections
Info: No Avalon connections, skipping transform 
Info: merlin_hierarchy_transform: After transform: 91 modules, 307 connections
Info: merlin_initial_interconnect_transform: After transform: 0 modules, 0 connections
Info: No Avalon connections, skipping transform 
Info: merlin_hierarchy_transform: After transform: 91 modules, 307 connections
Info: merlin_initial_interconnect_transform: After transform: 0 modules, 0 connections
Info: No Avalon connections, skipping transform 
Info: merlin_hierarchy_transform: After transform: 91 modules, 307 connections
Info: merlin_initial_interconnect_transform: After transform: 0 modules, 0 connections
Info: No Avalon connections, skipping transform 
Info: merlin_hierarchy_transform: After transform: 91 modules, 307 connections
Info: merlin_initial_interconnect_transform: After transform: 0 modules, 0 connections
Info: No Avalon connections, skipping transform 
Info: merlin_hierarchy_transform: After transform: 91 modules, 307 connections
Info: merlin_initial_interconnect_transform: After transform: 0 modules, 0 connections
Info: No Avalon connections, skipping transform 
Info: merlin_hierarchy_transform: After transform: 91 modules, 307 connections
Info: merlin_initial_interconnect_transform: After transform: 0 modules, 0 connections
Info: No Avalon connections, skipping transform 
Info: merlin_hierarchy_transform: After transform: 91 modules, 307 connections
Info: merlin_initial_interconnect_transform: After transform: 0 modules, 0 connections
Info: No Avalon connections, skipping transform 
Info: merlin_hierarchy_transform: After transform: 91 modules, 307 connections
Info: merlin_initial_interconnect_transform: After transform: 0 modules, 0 connections
Info: No Avalon connections, skipping transform 
Info: merlin_hierarchy_transform: After transform: 91 modules, 307 connections
Info: mm_interconnect_0: "Nios" instantiated altera_merlin_interconnect_wrapper "mm_interconnect_0"
Info: irq_mapper: "Nios" instantiated altera_irq_mapper "irq_mapper"
Info: rst_controller: "Nios" instantiated altera_reset_controller "rst_controller"
Info: Nios_instruction_master_translator: "mm_interconnect_0" instantiated altera_merlin_master_translator "Nios_instruction_master_translator"
Info: Nios_jtag_debug_module_translator: "mm_interconnect_0" instantiated altera_merlin_slave_translator "Nios_jtag_debug_module_translator"
Info: Nios_instruction_master_translator_avalon_universal_master_0_agent: "mm_interconnect_0" instantiated altera_merlin_master_agent "Nios_instruction_master_translator_avalon_universal_master_0_agent"
Info: Nios_jtag_debug_module_translator_avalon_universal_slave_0_agent: "mm_interconnect_0" instantiated altera_merlin_slave_agent "Nios_jtag_debug_module_translator_avalon_universal_slave_0_agent"
Info: Nios_jtag_debug_module_translator_avalon_universal_slave_0_agent_rsp_fifo: "mm_interconnect_0" instantiated altera_avalon_sc_fifo "Nios_jtag_debug_module_translator_avalon_universal_slave_0_agent_rsp_fifo"
Info: addr_router: "mm_interconnect_0" instantiated altera_merlin_router "addr_router"
Info: addr_router_001: "mm_interconnect_0" instantiated altera_merlin_router "addr_router_001"
Info: id_router: "mm_interconnect_0" instantiated altera_merlin_router "id_router"
Info: id_router_002: "mm_interconnect_0" instantiated altera_merlin_router "id_router_002"
Info: cmd_xbar_demux: "mm_interconnect_0" instantiated altera_merlin_demultiplexer "cmd_xbar_demux"
Info: cmd_xbar_demux_001: "mm_interconnect_0" instantiated altera_merlin_demultiplexer "cmd_xbar_demux_001"
Info: cmd_xbar_mux: "mm_interconnect_0" instantiated altera_merlin_multiplexer "cmd_xbar_mux"
Info: cmd_xbar_mux_002: "mm_interconnect_0" instantiated altera_merlin_multiplexer "cmd_xbar_mux_002"
Info: Reusing file C:/Users/Micro/Desktop/PBL_SD-master/PBL_SD-master/Nios/synthesis/submodules/altera_merlin_arbitrator.sv
Info: rsp_xbar_demux_002: "mm_interconnect_0" instantiated altera_merlin_demultiplexer "rsp_xbar_demux_002"
Info: rsp_xbar_mux: "mm_interconnect_0" instantiated altera_merlin_multiplexer "rsp_xbar_mux"
Info: Reusing file C:/Users/Micro/Desktop/PBL_SD-master/PBL_SD-master/Nios/synthesis/submodules/altera_merlin_arbitrator.sv
Info: rsp_xbar_mux_001: "mm_interconnect_0" instantiated altera_merlin_multiplexer "rsp_xbar_mux_001"
Info: Reusing file C:/Users/Micro/Desktop/PBL_SD-master/PBL_SD-master/Nios/synthesis/submodules/altera_merlin_arbitrator.sv
Info: Nios: Done "Nios" with 30 modules, 44 files, 1274556 bytes
Info: ip-generate succeeded.
Info: Finished: Create HDL design files for synthesis
