Flow report for PBL-SD-1
Thu Oct 18 22:31:36 2018
Quartus II 64-Bit Version 13.1.0 Build 162 10/23/2013 SJ Web Edition


---------------------
; Table of Contents ;
---------------------
  1. Legal Notice
  2. Flow Summary
  3. Flow Settings
  4. Flow Non-Default Global Settings
  5. Flow Elapsed Time
  6. Flow OS Summary
  7. Flow Log
  8. Flow Messages
  9. Flow Suppressed Messages



----------------
; Legal Notice ;
----------------
Copyright (C) 1991-2013 Altera Corporation
Your use of Altera Corporation's design tools, logic functions 
and other software and tools, and its AMPP partner logic 
functions, and any output files from any of the foregoing 
(including device programming or simulation files), and any 
associated documentation or information are expressly subject 
to the terms and conditions of the Altera Program License 
Subscription Agreement, Altera MegaCore Function License 
Agreement, or other applicable license agreement, including, 
without limitation, that your use is for the sole purpose of 
programming logic devices manufactured by Altera and sold by 
Altera or its authorized distributors.  Please refer to the 
applicable agreement for further details.



+---------------------------------------------------------------------------------+
; Flow Summary                                                                    ;
+------------------------------------+--------------------------------------------+
; Flow Status                        ; Successful - Thu Oct 18 22:31:36 2018      ;
; Quartus II 64-Bit Version          ; 13.1.0 Build 162 10/23/2013 SJ Web Edition ;
; Revision Name                      ; PBL-SD-1                                   ;
; Top-level Entity Name              ; Nios                                       ;
; Family                             ; Cyclone IV E                               ;
; Device                             ; EP4CE6E22C8                                ;
; Timing Models                      ; Final                                      ;
; Total logic elements               ; 1,913 / 6,272 ( 31 % )                     ;
;     Total combinational functions  ; 1,804 / 6,272 ( 29 % )                     ;
;     Dedicated logic registers      ; 996 / 6,272 ( 16 % )                       ;
; Total registers                    ; 996                                        ;
; Total pins                         ; 21 / 92 ( 23 % )                           ;
; Total virtual pins                 ; 0                                          ;
; Total memory bits                  ; 175,104 / 276,480 ( 63 % )                 ;
; Embedded Multiplier 9-bit elements ; 0 / 30 ( 0 % )                             ;
; Total PLLs                         ; 0 / 2 ( 0 % )                              ;
+------------------------------------+--------------------------------------------+


+-----------------------------------------+
; Flow Settings                           ;
+-------------------+---------------------+
; Option            ; Setting             ;
+-------------------+---------------------+
; Start date & time ; 10/18/2018 22:29:39 ;
; Main task         ; Compilation         ;
; Revision Name     ; PBL-SD-1            ;
+-------------------+---------------------+


+------------------------------------------------------------------------------------------------------------------------------------------------------------------------------------+
; Flow Non-Default Global Settings                                                                                                                                                   ;
+-------------------------------------+--------------------------------------------------------+---------------+----------------------------------------------------+----------------+
; Assignment Name                     ; Value                                                  ; Default Value ; Entity Name                                        ; Section Id     ;
+-------------------------------------+--------------------------------------------------------+---------------+----------------------------------------------------+----------------+
; COMPILER_SIGNATURE_ID               ; 35774997749323.153991257909208                         ; --            ; --                                                 ; --             ;
; EDA_OUTPUT_DATA_FORMAT              ; Vhdl                                                   ; --            ; --                                                 ; eda_simulation ;
; EDA_SIMULATION_TOOL                 ; ModelSim-Altera (VHDL)                                 ; <None>        ; --                                                 ; --             ;
; IP_TOOL_ENV                         ; Qsys                                                   ; --            ; Nios                                               ; --             ;
; IP_TOOL_ENV                         ; Qsys                                                   ; --            ; Nios_Jtag                                          ; --             ;
; IP_TOOL_ENV                         ; Qsys                                                   ; --            ; Nios_Nios                                          ; --             ;
; IP_TOOL_ENV                         ; Qsys                                                   ; --            ; Nios_Nios_custom_instruction_master_multi_xconnect ; --             ;
; IP_TOOL_ENV                         ; Qsys                                                   ; --            ; Nios_irq_mapper                                    ; --             ;
; IP_TOOL_ENV                         ; Qsys                                                   ; --            ; Nios_led1                                          ; --             ;
; IP_TOOL_ENV                         ; Qsys                                                   ; --            ; Nios_memory                                        ; --             ;
; IP_TOOL_ENV                         ; Qsys                                                   ; --            ; Nios_mm_interconnect_0                             ; --             ;
; IP_TOOL_ENV                         ; Qsys                                                   ; --            ; Nios_mm_interconnect_0_addr_router                 ; --             ;
; IP_TOOL_ENV                         ; Qsys                                                   ; --            ; Nios_mm_interconnect_0_addr_router_001             ; --             ;
; IP_TOOL_ENV                         ; Qsys                                                   ; --            ; Nios_mm_interconnect_0_cmd_xbar_demux              ; --             ;
; IP_TOOL_ENV                         ; Qsys                                                   ; --            ; Nios_mm_interconnect_0_cmd_xbar_demux_001          ; --             ;
; IP_TOOL_ENV                         ; Qsys                                                   ; --            ; Nios_mm_interconnect_0_cmd_xbar_mux                ; --             ;
; IP_TOOL_ENV                         ; Qsys                                                   ; --            ; Nios_mm_interconnect_0_cmd_xbar_mux_002            ; --             ;
; IP_TOOL_ENV                         ; Qsys                                                   ; --            ; Nios_mm_interconnect_0_id_router                   ; --             ;
; IP_TOOL_ENV                         ; Qsys                                                   ; --            ; Nios_mm_interconnect_0_id_router_002               ; --             ;
; IP_TOOL_ENV                         ; Qsys                                                   ; --            ; Nios_mm_interconnect_0_rsp_xbar_demux_002          ; --             ;
; IP_TOOL_ENV                         ; Qsys                                                   ; --            ; Nios_mm_interconnect_0_rsp_xbar_mux                ; --             ;
; IP_TOOL_ENV                         ; Qsys                                                   ; --            ; Nios_mm_interconnect_0_rsp_xbar_mux_001            ; --             ;
; IP_TOOL_ENV                         ; Qsys                                                   ; --            ; Nios_pushbuton1                                    ; --             ;
; IP_TOOL_ENV                         ; Qsys                                                   ; --            ; altera_avalon_sc_fifo                              ; --             ;
; IP_TOOL_ENV                         ; Qsys                                                   ; --            ; altera_customins_master_translator                 ; --             ;
; IP_TOOL_ENV                         ; Qsys                                                   ; --            ; altera_customins_slave_translator                  ; --             ;
; IP_TOOL_ENV                         ; Qsys                                                   ; --            ; altera_merlin_master_agent                         ; --             ;
; IP_TOOL_ENV                         ; Qsys                                                   ; --            ; altera_merlin_master_translator                    ; --             ;
; IP_TOOL_ENV                         ; Qsys                                                   ; --            ; altera_merlin_slave_agent                          ; --             ;
; IP_TOOL_ENV                         ; Qsys                                                   ; --            ; altera_merlin_slave_translator                     ; --             ;
; IP_TOOL_ENV                         ; Qsys                                                   ; --            ; altera_reset_controller                            ; --             ;
; IP_TOOL_NAME                        ; Qsys                                                   ; --            ; Nios                                               ; --             ;
; IP_TOOL_NAME                        ; altera_avalon_jtag_uart                                ; --            ; Nios_Jtag                                          ; --             ;
; IP_TOOL_NAME                        ; altera_nios2_qsys                                      ; --            ; Nios_Nios                                          ; --             ;
; IP_TOOL_NAME                        ; altera_customins_xconnect                              ; --            ; Nios_Nios_custom_instruction_master_multi_xconnect ; --             ;
; IP_TOOL_NAME                        ; altera_irq_mapper                                      ; --            ; Nios_irq_mapper                                    ; --             ;
; IP_TOOL_NAME                        ; altera_avalon_pio                                      ; --            ; Nios_led1                                          ; --             ;
; IP_TOOL_NAME                        ; altera_avalon_onchip_memory2                           ; --            ; Nios_memory                                        ; --             ;
; IP_TOOL_NAME                        ; altera_merlin_interconnect_wrapper                     ; --            ; Nios_mm_interconnect_0                             ; --             ;
; IP_TOOL_NAME                        ; altera_merlin_router                                   ; --            ; Nios_mm_interconnect_0_addr_router                 ; --             ;
; IP_TOOL_NAME                        ; altera_merlin_router                                   ; --            ; Nios_mm_interconnect_0_addr_router_001             ; --             ;
; IP_TOOL_NAME                        ; altera_merlin_demultiplexer                            ; --            ; Nios_mm_interconnect_0_cmd_xbar_demux              ; --             ;
; IP_TOOL_NAME                        ; altera_merlin_demultiplexer                            ; --            ; Nios_mm_interconnect_0_cmd_xbar_demux_001          ; --             ;
; IP_TOOL_NAME                        ; altera_merlin_multiplexer                              ; --            ; Nios_mm_interconnect_0_cmd_xbar_mux                ; --             ;
; IP_TOOL_NAME                        ; altera_merlin_multiplexer                              ; --            ; Nios_mm_interconnect_0_cmd_xbar_mux_002            ; --             ;
; IP_TOOL_NAME                        ; altera_merlin_router                                   ; --            ; Nios_mm_interconnect_0_id_router                   ; --             ;
; IP_TOOL_NAME                        ; altera_merlin_router                                   ; --            ; Nios_mm_interconnect_0_id_router_002               ; --             ;
; IP_TOOL_NAME                        ; altera_merlin_demultiplexer                            ; --            ; Nios_mm_interconnect_0_rsp_xbar_demux_002          ; --             ;
; IP_TOOL_NAME                        ; altera_merlin_multiplexer                              ; --            ; Nios_mm_interconnect_0_rsp_xbar_mux                ; --             ;
; IP_TOOL_NAME                        ; altera_merlin_multiplexer                              ; --            ; Nios_mm_interconnect_0_rsp_xbar_mux_001            ; --             ;
; IP_TOOL_NAME                        ; altera_avalon_pio                                      ; --            ; Nios_pushbuton1                                    ; --             ;
; IP_TOOL_NAME                        ; altera_avalon_sc_fifo                                  ; --            ; altera_avalon_sc_fifo                              ; --             ;
; IP_TOOL_NAME                        ; altera_customins_master_translator                     ; --            ; altera_customins_master_translator                 ; --             ;
; IP_TOOL_NAME                        ; altera_customins_slave_translator                      ; --            ; altera_customins_slave_translator                  ; --             ;
; IP_TOOL_NAME                        ; altera_merlin_master_agent                             ; --            ; altera_merlin_master_agent                         ; --             ;
; IP_TOOL_NAME                        ; altera_merlin_master_translator                        ; --            ; altera_merlin_master_translator                    ; --             ;
; IP_TOOL_NAME                        ; altera_merlin_slave_agent                              ; --            ; altera_merlin_slave_agent                          ; --             ;
; IP_TOOL_NAME                        ; altera_merlin_slave_translator                         ; --            ; altera_merlin_slave_translator                     ; --             ;
; IP_TOOL_NAME                        ; altera_reset_controller                                ; --            ; altera_reset_controller                            ; --             ;
; IP_TOOL_VERSION                     ; 13.1                                                   ; --            ; Nios                                               ; --             ;
; IP_TOOL_VERSION                     ; 13.1                                                   ; --            ; Nios_Jtag                                          ; --             ;
; IP_TOOL_VERSION                     ; 13.1                                                   ; --            ; Nios_Nios                                          ; --             ;
; IP_TOOL_VERSION                     ; 13.1                                                   ; --            ; Nios_Nios_custom_instruction_master_multi_xconnect ; --             ;
; IP_TOOL_VERSION                     ; 13.1                                                   ; --            ; Nios_irq_mapper                                    ; --             ;
; IP_TOOL_VERSION                     ; 13.1                                                   ; --            ; Nios_led1                                          ; --             ;
; IP_TOOL_VERSION                     ; 13.1                                                   ; --            ; Nios_memory                                        ; --             ;
; IP_TOOL_VERSION                     ; 13.1                                                   ; --            ; Nios_mm_interconnect_0                             ; --             ;
; IP_TOOL_VERSION                     ; 13.1                                                   ; --            ; Nios_mm_interconnect_0_addr_router                 ; --             ;
; IP_TOOL_VERSION                     ; 13.1                                                   ; --            ; Nios_mm_interconnect_0_addr_router_001             ; --             ;
; IP_TOOL_VERSION                     ; 13.1                                                   ; --            ; Nios_mm_interconnect_0_cmd_xbar_demux              ; --             ;
; IP_TOOL_VERSION                     ; 13.1                                                   ; --            ; Nios_mm_interconnect_0_cmd_xbar_demux_001          ; --             ;
; IP_TOOL_VERSION                     ; 13.1                                                   ; --            ; Nios_mm_interconnect_0_cmd_xbar_mux                ; --             ;
; IP_TOOL_VERSION                     ; 13.1                                                   ; --            ; Nios_mm_interconnect_0_cmd_xbar_mux_002            ; --             ;
; IP_TOOL_VERSION                     ; 13.1                                                   ; --            ; Nios_mm_interconnect_0_id_router                   ; --             ;
; IP_TOOL_VERSION                     ; 13.1                                                   ; --            ; Nios_mm_interconnect_0_id_router_002               ; --             ;
; IP_TOOL_VERSION                     ; 13.1                                                   ; --            ; Nios_mm_interconnect_0_rsp_xbar_demux_002          ; --             ;
; IP_TOOL_VERSION                     ; 13.1                                                   ; --            ; Nios_mm_interconnect_0_rsp_xbar_mux                ; --             ;
; IP_TOOL_VERSION                     ; 13.1                                                   ; --            ; Nios_mm_interconnect_0_rsp_xbar_mux_001            ; --             ;
; IP_TOOL_VERSION                     ; 13.1                                                   ; --            ; Nios_pushbuton1                                    ; --             ;
; IP_TOOL_VERSION                     ; 13.1                                                   ; --            ; altera_avalon_sc_fifo                              ; --             ;
; IP_TOOL_VERSION                     ; 13.1                                                   ; --            ; altera_customins_master_translator                 ; --             ;
; IP_TOOL_VERSION                     ; 13.1                                                   ; --            ; altera_customins_slave_translator                  ; --             ;
; IP_TOOL_VERSION                     ; 13.1                                                   ; --            ; altera_merlin_master_agent                         ; --             ;
; IP_TOOL_VERSION                     ; 13.1                                                   ; --            ; altera_merlin_master_translator                    ; --             ;
; IP_TOOL_VERSION                     ; 13.1                                                   ; --            ; altera_merlin_slave_agent                          ; --             ;
; IP_TOOL_VERSION                     ; 13.1                                                   ; --            ; altera_merlin_slave_translator                     ; --             ;
; IP_TOOL_VERSION                     ; 13.1                                                   ; --            ; altera_reset_controller                            ; --             ;
; MAX_CORE_JUNCTION_TEMP              ; 85                                                     ; --            ; --                                                 ; --             ;
; MIN_CORE_JUNCTION_TEMP              ; 0                                                      ; --            ; --                                                 ; --             ;
; MISC_FILE                           ; Nios/synthesis/../../Nios.cmp                          ; --            ; --                                                 ; --             ;
; MISC_FILE                           ; Nios/synthesis/../../Nios.qsys                         ; --            ; --                                                 ; --             ;
; OUTPUT_IO_TIMING_FAR_END_VMEAS      ; Half Signal Swing                                      ; --            ; --                                                 ; --             ;
; OUTPUT_IO_TIMING_FAR_END_VMEAS      ; Half Signal Swing                                      ; --            ; --                                                 ; --             ;
; OUTPUT_IO_TIMING_NEAR_END_VMEAS     ; Half Vccio                                             ; --            ; --                                                 ; --             ;
; OUTPUT_IO_TIMING_NEAR_END_VMEAS     ; Half Vccio                                             ; --            ; --                                                 ; --             ;
; PARTITION_COLOR                     ; 16764057                                               ; --            ; Nios                                               ; Top            ;
; PARTITION_FITTER_PRESERVATION_LEVEL ; PLACEMENT_AND_ROUTING                                  ; --            ; Nios                                               ; Top            ;
; PARTITION_NETLIST_TYPE              ; SOURCE                                                 ; --            ; Nios                                               ; Top            ;
; POWER_BOARD_THERMAL_MODEL           ; None (CONSERVATIVE)                                    ; --            ; --                                                 ; --             ;
; POWER_PRESET_COOLING_SOLUTION       ; 23 MM HEAT SINK WITH 200 LFPM AIRFLOW                  ; --            ; --                                                 ; --             ;
; PROJECT_OUTPUT_DIRECTORY            ; output_files                                           ; --            ; --                                                 ; --             ;
; SLD_FILE                            ; Nios/synthesis/Nios.regmap                             ; --            ; --                                                 ; --             ;
; SLD_FILE                            ; Nios/synthesis/Nios.debuginfo                          ; --            ; --                                                 ; --             ;
; SLD_INFO                            ; QSYS_NAME Nios HAS_SOPCINFO 1 GENERATION_ID 1539912500 ; --            ; Nios                                               ; --             ;
; SOPCINFO_FILE                       ; Nios/synthesis/../../Nios.sopcinfo                     ; --            ; --                                                 ; --             ;
; SYNTHESIS_ONLY_QIP                  ; On                                                     ; --            ; --                                                 ; --             ;
; TOP_LEVEL_ENTITY                    ; Nios                                                   ; PBL-SD-1      ; --                                                 ; --             ;
+-------------------------------------+--------------------------------------------------------+---------------+----------------------------------------------------+----------------+


+-------------------------------------------------------------------------------------------------------------------------------+
; Flow Elapsed Time                                                                                                             ;
+---------------------------+--------------+-------------------------+---------------------+------------------------------------+
; Module Name               ; Elapsed Time ; Average Processors Used ; Peak Virtual Memory ; Total CPU Time (on all processors) ;
+---------------------------+--------------+-------------------------+---------------------+------------------------------------+
; Analysis & Synthesis      ; 00:00:44     ; 1.0                     ; 4782 MB             ; 00:00:21                           ;
; Fitter                    ; 00:00:33     ; 1.1                     ; 5249 MB             ; 00:00:17                           ;
; Assembler                 ; 00:00:04     ; 1.0                     ; 4616 MB             ; 00:00:02                           ;
; TimeQuest Timing Analyzer ; 00:00:08     ; 1.2                     ; 4706 MB             ; 00:00:05                           ;
; EDA Netlist Writer        ; 00:00:06     ; 1.0                     ; 4614 MB             ; 00:00:04                           ;
; Total                     ; 00:01:35     ; --                      ; --                  ; 00:00:49                           ;
+---------------------------+--------------+-------------------------+---------------------+------------------------------------+


+----------------------------------------------------------------------------------------+
; Flow OS Summary                                                                        ;
+---------------------------+------------------+-----------+------------+----------------+
; Module Name               ; Machine Hostname ; OS Name   ; OS Version ; Processor type ;
+---------------------------+------------------+-----------+------------+----------------+
; Analysis & Synthesis      ; Leandro          ; Windows 7 ; 6.2        ; x86_64         ;
; Fitter                    ; Leandro          ; Windows 7 ; 6.2        ; x86_64         ;
; Assembler                 ; Leandro          ; Windows 7 ; 6.2        ; x86_64         ;
; TimeQuest Timing Analyzer ; Leandro          ; Windows 7 ; 6.2        ; x86_64         ;
; EDA Netlist Writer        ; Leandro          ; Windows 7 ; 6.2        ; x86_64         ;
+---------------------------+------------------+-----------+------------+----------------+


------------
; Flow Log ;
------------
quartus_map --read_settings_files=on --write_settings_files=off PBL-SD-1 -c PBL-SD-1
quartus_fit --read_settings_files=off --write_settings_files=off PBL-SD-1 -c PBL-SD-1
quartus_asm --read_settings_files=off --write_settings_files=off PBL-SD-1 -c PBL-SD-1
quartus_sta PBL-SD-1 -c PBL-SD-1
quartus_eda --read_settings_files=off --write_settings_files=off PBL-SD-1 -c PBL-SD-1



